Arguments: 
  /Users/catherinepalmer/.nvm/versions/node/v11.2.0/bin/node /usr/local/Cellar/yarn/1.7.0/libexec/bin/yarn.js add -g @angular/cli

PATH: 
  /Users/catherinepalmer/.nvm/versions/node/v11.2.0/bin:/Library/Frameworks/Python.framework/Versions/3.6/bin:/Library/Frameworks/Python.framework/Versions/3.4/bin:/usr/bin:/bin:/usr/sbin:/sbin:/usr/local/bin:/Library/Frameworks/Mono.framework/Versions/Current/Commands

Yarn version: 
  1.7.0

Node version: 
  11.2.0

Platform: 
  darwin x64

Trace: 
  SyntaxError: /Users/catherinepalmer/workspace/learning-angular-project/package.json: Unexpected end of JSON input
      at JSON.parse (<anonymous>)
      at /usr/local/Cellar/yarn/1.7.0/libexec/lib/cli.js:1130:59
      at Generator.next (<anonymous>)
      at step (/usr/local/Cellar/yarn/1.7.0/libexec/lib/cli.js:98:30)
      at /usr/local/Cellar/yarn/1.7.0/libexec/lib/cli.js:109:13

npm manifest: 
  

yarn manifest: 
  No manifest

Lockfile: 
  No lockfile
